The system is: Darwin - 15.3.0 - x86_64
Compiling the CXX compiler identification source file "CMakeCXXCompilerId.cpp" succeeded.
Compiler: /Applications/Xcode.app/Contents/Developer/Toolchains/XcodeDefault.xctoolchain/usr/bin/c++ 
Build flags: 
Id flags: 

The output was:
0


Compilation of the CXX compiler identification source "CMakeCXXCompilerId.cpp" produced "a.out"

The CXX compiler identification is AppleClang, found in "/Users/xungong/Documents/opencv-2.4.12-static/build/CMakeFiles/3.5.0/CompilerIdCXX/a.out"

Compiling the C compiler identification source file "CMakeCCompilerId.c" succeeded.
Compiler: /Applications/Xcode.app/Contents/Developer/Toolchains/XcodeDefault.xctoolchain/usr/bin/cc 
Build flags: 
Id flags: 

The output was:
0


Compilation of the C compiler identification source "CMakeCCompilerId.c" produced "a.out"

The C compiler identification is AppleClang, found in "/Users/xungong/Documents/opencv-2.4.12-static/build/CMakeFiles/3.5.0/CompilerIdC/a.out"

Determining if the CXX compiler works passed with the following output:
Change Dir: /Users/xungong/Documents/opencv-2.4.12-static/build/CMakeFiles/CMakeTmp

Run Build Command:"/usr/bin/make" "cmTC_f961b/fast"
/Applications/Xcode.app/Contents/Developer/usr/bin/make -f CMakeFiles/cmTC_f961b.dir/build.make CMakeFiles/cmTC_f961b.dir/build
Building CXX object CMakeFiles/cmTC_f961b.dir/testCXXCompiler.cxx.o
/Applications/Xcode.app/Contents/Developer/Toolchains/XcodeDefault.xctoolchain/usr/bin/c++     -isysroot /Applications/Xcode.app/Contents/Developer/Platforms/MacOSX.platform/Developer/SDKs/MacOSX10.11.sdk   -o CMakeFiles/cmTC_f961b.dir/testCXXCompiler.cxx.o -c /Users/xungong/Documents/opencv-2.4.12-static/build/CMakeFiles/CMakeTmp/testCXXCompiler.cxx
Linking CXX executable cmTC_f961b
/usr/local/Cellar/cmake/3.5.0/bin/cmake -E cmake_link_script CMakeFiles/cmTC_f961b.dir/link.txt --verbose=1
/Applications/Xcode.app/Contents/Developer/Toolchains/XcodeDefault.xctoolchain/usr/bin/c++     -isysroot /Applications/Xcode.app/Contents/Developer/Platforms/MacOSX.platform/Developer/SDKs/MacOSX10.11.sdk -Wl,-search_paths_first -Wl,-headerpad_max_install_names   CMakeFiles/cmTC_f961b.dir/testCXXCompiler.cxx.o  -o cmTC_f961b  


Detecting CXX compiler ABI info compiled with the following output:
Change Dir: /Users/xungong/Documents/opencv-2.4.12-static/build/CMakeFiles/CMakeTmp

Run Build Command:"/usr/bin/make" "cmTC_da32e/fast"
/Applications/Xcode.app/Contents/Developer/usr/bin/make -f CMakeFiles/cmTC_da32e.dir/build.make CMakeFiles/cmTC_da32e.dir/build
Building CXX object CMakeFiles/cmTC_da32e.dir/CMakeCXXCompilerABI.cpp.o
/Applications/Xcode.app/Contents/Developer/Toolchains/XcodeDefault.xctoolchain/usr/bin/c++     -isysroot /Applications/Xcode.app/Contents/Developer/Platforms/MacOSX.platform/Developer/SDKs/MacOSX10.11.sdk   -o CMakeFiles/cmTC_da32e.dir/CMakeCXXCompilerABI.cpp.o -c /usr/local/Cellar/cmake/3.5.0/share/cmake/Modules/CMakeCXXCompilerABI.cpp
Linking CXX executable cmTC_da32e
/usr/local/Cellar/cmake/3.5.0/bin/cmake -E cmake_link_script CMakeFiles/cmTC_da32e.dir/link.txt --verbose=1
/Applications/Xcode.app/Contents/Developer/Toolchains/XcodeDefault.xctoolchain/usr/bin/c++     -isysroot /Applications/Xcode.app/Contents/Developer/Platforms/MacOSX.platform/Developer/SDKs/MacOSX10.11.sdk -Wl,-search_paths_first -Wl,-headerpad_max_install_names  -v -Wl,-v CMakeFiles/cmTC_da32e.dir/CMakeCXXCompilerABI.cpp.o  -o cmTC_da32e   
Apple LLVM version 7.3.0 (clang-703.0.29)
Target: x86_64-apple-darwin15.3.0
Thread model: posix
InstalledDir: /Applications/Xcode.app/Contents/Developer/Toolchains/XcodeDefault.xctoolchain/usr/bin
 "/Applications/Xcode.app/Contents/Developer/Toolchains/XcodeDefault.xctoolchain/usr/bin/ld" -demangle -dynamic -arch x86_64 -macosx_version_min 10.11.0 -syslibroot /Applications/Xcode.app/Contents/Developer/Platforms/MacOSX.platform/Developer/SDKs/MacOSX10.11.sdk -o cmTC_da32e -search_paths_first -headerpad_max_install_names -v CMakeFiles/cmTC_da32e.dir/CMakeCXXCompilerABI.cpp.o -lc++ -lSystem /Applications/Xcode.app/Contents/Developer/Toolchains/XcodeDefault.xctoolchain/usr/bin/../lib/clang/7.3.0/lib/darwin/libclang_rt.osx.a
@(#)PROGRAM:ld  PROJECT:ld64-264.3.101
configured to support archs: armv6 armv7 armv7s arm64 i386 x86_64 x86_64h armv6m armv7k armv7m armv7em (tvOS)
Library search paths:
	/Applications/Xcode.app/Contents/Developer/Platforms/MacOSX.platform/Developer/SDKs/MacOSX10.11.sdk/usr/lib
Framework search paths:
	/Applications/Xcode.app/Contents/Developer/Platforms/MacOSX.platform/Developer/SDKs/MacOSX10.11.sdk/System/Library/Frameworks/


Parsed CXX implicit link information from above output:
  link line regex: [^( *|.*[/\])(ld|([^/\]+-)?ld|collect2)[^/\]*( |$)]
  ignore line: [Change Dir: /Users/xungong/Documents/opencv-2.4.12-static/build/CMakeFiles/CMakeTmp]
  ignore line: []
  ignore line: [Run Build Command:"/usr/bin/make" "cmTC_da32e/fast"]
  ignore line: [/Applications/Xcode.app/Contents/Developer/usr/bin/make -f CMakeFiles/cmTC_da32e.dir/build.make CMakeFiles/cmTC_da32e.dir/build]
  ignore line: [Building CXX object CMakeFiles/cmTC_da32e.dir/CMakeCXXCompilerABI.cpp.o]
  ignore line: [/Applications/Xcode.app/Contents/Developer/Toolchains/XcodeDefault.xctoolchain/usr/bin/c++     -isysroot /Applications/Xcode.app/Contents/Developer/Platforms/MacOSX.platform/Developer/SDKs/MacOSX10.11.sdk   -o CMakeFiles/cmTC_da32e.dir/CMakeCXXCompilerABI.cpp.o -c /usr/local/Cellar/cmake/3.5.0/share/cmake/Modules/CMakeCXXCompilerABI.cpp]
  ignore line: [Linking CXX executable cmTC_da32e]
  ignore line: [/usr/local/Cellar/cmake/3.5.0/bin/cmake -E cmake_link_script CMakeFiles/cmTC_da32e.dir/link.txt --verbose=1]
  ignore line: [/Applications/Xcode.app/Contents/Developer/Toolchains/XcodeDefault.xctoolchain/usr/bin/c++     -isysroot /Applications/Xcode.app/Contents/Developer/Platforms/MacOSX.platform/Developer/SDKs/MacOSX10.11.sdk -Wl,-search_paths_first -Wl,-headerpad_max_install_names  -v -Wl,-v CMakeFiles/cmTC_da32e.dir/CMakeCXXCompilerABI.cpp.o  -o cmTC_da32e   ]
  ignore line: [Apple LLVM version 7.3.0 (clang-703.0.29)]
  ignore line: [Target: x86_64-apple-darwin15.3.0]
  ignore line: [Thread model: posix]
  ignore line: [InstalledDir: /Applications/Xcode.app/Contents/Developer/Toolchains/XcodeDefault.xctoolchain/usr/bin]
  link line: [ "/Applications/Xcode.app/Contents/Developer/Toolchains/XcodeDefault.xctoolchain/usr/bin/ld" -demangle -dynamic -arch x86_64 -macosx_version_min 10.11.0 -syslibroot /Applications/Xcode.app/Contents/Developer/Platforms/MacOSX.platform/Developer/SDKs/MacOSX10.11.sdk -o cmTC_da32e -search_paths_first -headerpad_max_install_names -v CMakeFiles/cmTC_da32e.dir/CMakeCXXCompilerABI.cpp.o -lc++ -lSystem /Applications/Xcode.app/Contents/Developer/Toolchains/XcodeDefault.xctoolchain/usr/bin/../lib/clang/7.3.0/lib/darwin/libclang_rt.osx.a]
    arg [/Applications/Xcode.app/Contents/Developer/Toolchains/XcodeDefault.xctoolchain/usr/bin/ld] ==> ignore
    arg [-demangle] ==> ignore
    arg [-dynamic] ==> ignore
    arg [-arch] ==> ignore
    arg [x86_64] ==> ignore
    arg [-macosx_version_min] ==> ignore
    arg [10.11.0] ==> ignore
    arg [-syslibroot] ==> ignore
    arg [/Applications/Xcode.app/Contents/Developer/Platforms/MacOSX.platform/Developer/SDKs/MacOSX10.11.sdk] ==> ignore
    arg [-o] ==> ignore
    arg [cmTC_da32e] ==> ignore
    arg [-search_paths_first] ==> ignore
    arg [-headerpad_max_install_names] ==> ignore
    arg [-v] ==> ignore
    arg [CMakeFiles/cmTC_da32e.dir/CMakeCXXCompilerABI.cpp.o] ==> ignore
    arg [-lc++] ==> lib [c++]
    arg [-lSystem] ==> lib [System]
    arg [/Applications/Xcode.app/Contents/Developer/Toolchains/XcodeDefault.xctoolchain/usr/bin/../lib/clang/7.3.0/lib/darwin/libclang_rt.osx.a] ==> lib [/Applications/Xcode.app/Contents/Developer/Toolchains/XcodeDefault.xctoolchain/usr/bin/../lib/clang/7.3.0/lib/darwin/libclang_rt.osx.a]
  Library search paths: [;/Applications/Xcode.app/Contents/Developer/Platforms/MacOSX.platform/Developer/SDKs/MacOSX10.11.sdk/usr/lib]
  Framework search paths: [;/Applications/Xcode.app/Contents/Developer/Platforms/MacOSX.platform/Developer/SDKs/MacOSX10.11.sdk/System/Library/Frameworks/]
  remove lib [System]
  collapse lib [/Applications/Xcode.app/Contents/Developer/Toolchains/XcodeDefault.xctoolchain/usr/bin/../lib/clang/7.3.0/lib/darwin/libclang_rt.osx.a] ==> [/Applications/Xcode.app/Contents/Developer/Toolchains/XcodeDefault.xctoolchain/usr/lib/clang/7.3.0/lib/darwin/libclang_rt.osx.a]
  collapse library dir [/Applications/Xcode.app/Contents/Developer/Platforms/MacOSX.platform/Developer/SDKs/MacOSX10.11.sdk/usr/lib] ==> [/Applications/Xcode.app/Contents/Developer/Platforms/MacOSX.platform/Developer/SDKs/MacOSX10.11.sdk/usr/lib]
  collapse framework dir [/Applications/Xcode.app/Contents/Developer/Platforms/MacOSX.platform/Developer/SDKs/MacOSX10.11.sdk/System/Library/Frameworks/] ==> [/Applications/Xcode.app/Contents/Developer/Platforms/MacOSX.platform/Developer/SDKs/MacOSX10.11.sdk/System/Library/Frameworks]
  implicit libs: [c++;/Applications/Xcode.app/Contents/Developer/Toolchains/XcodeDefault.xctoolchain/usr/lib/clang/7.3.0/lib/darwin/libclang_rt.osx.a]
  implicit dirs: [/Applications/Xcode.app/Contents/Developer/Platforms/MacOSX.platform/Developer/SDKs/MacOSX10.11.sdk/usr/lib]
  implicit fwks: [/Applications/Xcode.app/Contents/Developer/Platforms/MacOSX.platform/Developer/SDKs/MacOSX10.11.sdk/System/Library/Frameworks]




Detecting CXX [-std=c++14] compiler features compiled with the following output:
Change Dir: /Users/xungong/Documents/opencv-2.4.12-static/build/CMakeFiles/CMakeTmp

Run Build Command:"/usr/bin/make" "cmTC_380b0/fast"
/Applications/Xcode.app/Contents/Developer/usr/bin/make -f CMakeFiles/cmTC_380b0.dir/build.make CMakeFiles/cmTC_380b0.dir/build
Building CXX object CMakeFiles/cmTC_380b0.dir/feature_tests.cxx.o
/Applications/Xcode.app/Contents/Developer/Toolchains/XcodeDefault.xctoolchain/usr/bin/c++     -isysroot /Applications/Xcode.app/Contents/Developer/Platforms/MacOSX.platform/Developer/SDKs/MacOSX10.11.sdk   -std=c++14 -o CMakeFiles/cmTC_380b0.dir/feature_tests.cxx.o -c /Users/xungong/Documents/opencv-2.4.12-static/build/CMakeFiles/feature_tests.cxx
Linking CXX executable cmTC_380b0
/usr/local/Cellar/cmake/3.5.0/bin/cmake -E cmake_link_script CMakeFiles/cmTC_380b0.dir/link.txt --verbose=1
/Applications/Xcode.app/Contents/Developer/Toolchains/XcodeDefault.xctoolchain/usr/bin/c++     -isysroot /Applications/Xcode.app/Contents/Developer/Platforms/MacOSX.platform/Developer/SDKs/MacOSX10.11.sdk -Wl,-search_paths_first -Wl,-headerpad_max_install_names   CMakeFiles/cmTC_380b0.dir/feature_tests.cxx.o  -o cmTC_380b0  


    Feature record: CXX_FEATURE:1cxx_aggregate_default_initializers
    Feature record: CXX_FEATURE:1cxx_alias_templates
    Feature record: CXX_FEATURE:1cxx_alignas
    Feature record: CXX_FEATURE:1cxx_alignof
    Feature record: CXX_FEATURE:1cxx_attributes
    Feature record: CXX_FEATURE:1cxx_attribute_deprecated
    Feature record: CXX_FEATURE:1cxx_auto_type
    Feature record: CXX_FEATURE:1cxx_binary_literals
    Feature record: CXX_FEATURE:1cxx_constexpr
    Feature record: CXX_FEATURE:1cxx_contextual_conversions
    Feature record: CXX_FEATURE:1cxx_decltype
    Feature record: CXX_FEATURE:1cxx_decltype_auto
    Feature record: CXX_FEATURE:1cxx_decltype_incomplete_return_types
    Feature record: CXX_FEATURE:1cxx_default_function_template_args
    Feature record: CXX_FEATURE:1cxx_defaulted_functions
    Feature record: CXX_FEATURE:1cxx_defaulted_move_initializers
    Feature record: CXX_FEATURE:1cxx_delegating_constructors
    Feature record: CXX_FEATURE:1cxx_deleted_functions
    Feature record: CXX_FEATURE:1cxx_digit_separators
    Feature record: CXX_FEATURE:1cxx_enum_forward_declarations
    Feature record: CXX_FEATURE:1cxx_explicit_conversions
    Feature record: CXX_FEATURE:1cxx_extended_friend_declarations
    Feature record: CXX_FEATURE:1cxx_extern_templates
    Feature record: CXX_FEATURE:1cxx_final
    Feature record: CXX_FEATURE:1cxx_func_identifier
    Feature record: CXX_FEATURE:1cxx_generalized_initializers
    Feature record: CXX_FEATURE:1cxx_generic_lambdas
    Feature record: CXX_FEATURE:1cxx_inheriting_constructors
    Feature record: CXX_FEATURE:1cxx_inline_namespaces
    Feature record: CXX_FEATURE:1cxx_lambdas
    Feature record: CXX_FEATURE:1cxx_lambda_init_captures
    Feature record: CXX_FEATURE:1cxx_local_type_template_args
    Feature record: CXX_FEATURE:1cxx_long_long_type
    Feature record: CXX_FEATURE:1cxx_noexcept
    Feature record: CXX_FEATURE:1cxx_nonstatic_member_init
    Feature record: CXX_FEATURE:1cxx_nullptr
    Feature record: CXX_FEATURE:1cxx_override
    Feature record: CXX_FEATURE:1cxx_range_for
    Feature record: CXX_FEATURE:1cxx_raw_string_literals
    Feature record: CXX_FEATURE:1cxx_reference_qualified_functions
    Feature record: CXX_FEATURE:1cxx_relaxed_constexpr
    Feature record: CXX_FEATURE:1cxx_return_type_deduction
    Feature record: CXX_FEATURE:1cxx_right_angle_brackets
    Feature record: CXX_FEATURE:1cxx_rvalue_references
    Feature record: CXX_FEATURE:1cxx_sizeof_member
    Feature record: CXX_FEATURE:1cxx_static_assert
    Feature record: CXX_FEATURE:1cxx_strong_enums
    Feature record: CXX_FEATURE:1cxx_template_template_parameters
    Feature record: CXX_FEATURE:0cxx_thread_local
    Feature record: CXX_FEATURE:1cxx_trailing_return_types
    Feature record: CXX_FEATURE:1cxx_unicode_literals
    Feature record: CXX_FEATURE:1cxx_uniform_initialization
    Feature record: CXX_FEATURE:1cxx_unrestricted_unions
    Feature record: CXX_FEATURE:1cxx_user_literals
    Feature record: CXX_FEATURE:1cxx_variable_templates
    Feature record: CXX_FEATURE:1cxx_variadic_macros
    Feature record: CXX_FEATURE:1cxx_variadic_templates


Detecting CXX [-std=c++11] compiler features compiled with the following output:
Change Dir: /Users/xungong/Documents/opencv-2.4.12-static/build/CMakeFiles/CMakeTmp

Run Build Command:"/usr/bin/make" "cmTC_7ed72/fast"
/Applications/Xcode.app/Contents/Developer/usr/bin/make -f CMakeFiles/cmTC_7ed72.dir/build.make CMakeFiles/cmTC_7ed72.dir/build
Building CXX object CMakeFiles/cmTC_7ed72.dir/feature_tests.cxx.o
/Applications/Xcode.app/Contents/Developer/Toolchains/XcodeDefault.xctoolchain/usr/bin/c++     -isysroot /Applications/Xcode.app/Contents/Developer/Platforms/MacOSX.platform/Developer/SDKs/MacOSX10.11.sdk   -std=c++11 -o CMakeFiles/cmTC_7ed72.dir/feature_tests.cxx.o -c /Users/xungong/Documents/opencv-2.4.12-static/build/CMakeFiles/feature_tests.cxx
Linking CXX executable cmTC_7ed72
/usr/local/Cellar/cmake/3.5.0/bin/cmake -E cmake_link_script CMakeFiles/cmTC_7ed72.dir/link.txt --verbose=1
/Applications/Xcode.app/Contents/Developer/Toolchains/XcodeDefault.xctoolchain/usr/bin/c++     -isysroot /Applications/Xcode.app/Contents/Developer/Platforms/MacOSX.platform/Developer/SDKs/MacOSX10.11.sdk -Wl,-search_paths_first -Wl,-headerpad_max_install_names   CMakeFiles/cmTC_7ed72.dir/feature_tests.cxx.o  -o cmTC_7ed72  


    Feature record: CXX_FEATURE:0cxx_aggregate_default_initializers
    Feature record: CXX_FEATURE:1cxx_alias_templates
    Feature record: CXX_FEATURE:1cxx_alignas
    Feature record: CXX_FEATURE:1cxx_alignof
    Feature record: CXX_FEATURE:1cxx_attributes
    Feature record: CXX_FEATURE:0cxx_attribute_deprecated
    Feature record: CXX_FEATURE:1cxx_auto_type
    Feature record: CXX_FEATURE:0cxx_binary_literals
    Feature record: CXX_FEATURE:1cxx_constexpr
    Feature record: CXX_FEATURE:0cxx_contextual_conversions
    Feature record: CXX_FEATURE:1cxx_decltype
    Feature record: CXX_FEATURE:0cxx_decltype_auto
    Feature record: CXX_FEATURE:1cxx_decltype_incomplete_return_types
    Feature record: CXX_FEATURE:1cxx_default_function_template_args
    Feature record: CXX_FEATURE:1cxx_defaulted_functions
    Feature record: CXX_FEATURE:1cxx_defaulted_move_initializers
    Feature record: CXX_FEATURE:1cxx_delegating_constructors
    Feature record: CXX_FEATURE:1cxx_deleted_functions
    Feature record: CXX_FEATURE:0cxx_digit_separators
    Feature record: CXX_FEATURE:1cxx_enum_forward_declarations
    Feature record: CXX_FEATURE:1cxx_explicit_conversions
    Feature record: CXX_FEATURE:1cxx_extended_friend_declarations
    Feature record: CXX_FEATURE:1cxx_extern_templates
    Feature record: CXX_FEATURE:1cxx_final
    Feature record: CXX_FEATURE:1cxx_func_identifier
    Feature record: CXX_FEATURE:1cxx_generalized_initializers
    Feature record: CXX_FEATURE:0cxx_generic_lambdas
    Feature record: CXX_FEATURE:1cxx_inheriting_constructors
    Feature record: CXX_FEATURE:1cxx_inline_namespaces
    Feature record: CXX_FEATURE:1cxx_lambdas
    Feature record: CXX_FEATURE:0cxx_lambda_init_captures
    Feature record: CXX_FEATURE:1cxx_local_type_template_args
    Feature record: CXX_FEATURE:1cxx_long_long_type
    Feature record: CXX_FEATURE:1cxx_noexcept
    Feature record: CXX_FEATURE:1cxx_nonstatic_member_init
    Feature record: CXX_FEATURE:1cxx_nullptr
    Feature record: CXX_FEATURE:1cxx_override
    Feature record: CXX_FEATURE:1cxx_range_for
    Feature record: CXX_FEATURE:1cxx_raw_string_literals
    Feature record: CXX_FEATURE:1cxx_reference_qualified_functions
    Feature record: CXX_FEATURE:0cxx_relaxed_constexpr
    Feature record: CXX_FEATURE:0cxx_return_type_deduction
    Feature record: CXX_FEATURE:1cxx_right_angle_brackets
    Feature record: CXX_FEATURE:1cxx_rvalue_references
    Feature record: CXX_FEATURE:1cxx_sizeof_member
    Feature record: CXX_FEATURE:1cxx_static_assert
    Feature record: CXX_FEATURE:1cxx_strong_enums
    Feature record: CXX_FEATURE:1cxx_template_template_parameters
    Feature record: CXX_FEATURE:0cxx_thread_local
    Feature record: CXX_FEATURE:1cxx_trailing_return_types
    Feature record: CXX_FEATURE:1cxx_unicode_literals
    Feature record: CXX_FEATURE:1cxx_uniform_initialization
    Feature record: CXX_FEATURE:1cxx_unrestricted_unions
    Feature record: CXX_FEATURE:1cxx_user_literals
    Feature record: CXX_FEATURE:0cxx_variable_templates
    Feature record: CXX_FEATURE:1cxx_variadic_macros
    Feature record: CXX_FEATURE:1cxx_variadic_templates


Detecting CXX [-std=c++98] compiler features compiled with the following output:
Change Dir: /Users/xungong/Documents/opencv-2.4.12-static/build/CMakeFiles/CMakeTmp

Run Build Command:"/usr/bin/make" "cmTC_c8822/fast"
/Applications/Xcode.app/Contents/Developer/usr/bin/make -f CMakeFiles/cmTC_c8822.dir/build.make CMakeFiles/cmTC_c8822.dir/build
Building CXX object CMakeFiles/cmTC_c8822.dir/feature_tests.cxx.o
/Applications/Xcode.app/Contents/Developer/Toolchains/XcodeDefault.xctoolchain/usr/bin/c++     -isysroot /Applications/Xcode.app/Contents/Developer/Platforms/MacOSX.platform/Developer/SDKs/MacOSX10.11.sdk   -std=c++98 -o CMakeFiles/cmTC_c8822.dir/feature_tests.cxx.o -c /Users/xungong/Documents/opencv-2.4.12-static/build/CMakeFiles/feature_tests.cxx
Linking CXX executable cmTC_c8822
/usr/local/Cellar/cmake/3.5.0/bin/cmake -E cmake_link_script CMakeFiles/cmTC_c8822.dir/link.txt --verbose=1
/Applications/Xcode.app/Contents/Developer/Toolchains/XcodeDefault.xctoolchain/usr/bin/c++     -isysroot /Applications/Xcode.app/Contents/Developer/Platforms/MacOSX.platform/Developer/SDKs/MacOSX10.11.sdk -Wl,-search_paths_first -Wl,-headerpad_max_install_names   CMakeFiles/cmTC_c8822.dir/feature_tests.cxx.o  -o cmTC_c8822  


    Feature record: CXX_FEATURE:0cxx_aggregate_default_initializers
    Feature record: CXX_FEATURE:0cxx_alias_templates
    Feature record: CXX_FEATURE:0cxx_alignas
    Feature record: CXX_FEATURE:0cxx_alignof
    Feature record: CXX_FEATURE:0cxx_attributes
    Feature record: CXX_FEATURE:0cxx_attribute_deprecated
    Feature record: CXX_FEATURE:0cxx_auto_type
    Feature record: CXX_FEATURE:0cxx_binary_literals
    Feature record: CXX_FEATURE:0cxx_constexpr
    Feature record: CXX_FEATURE:0cxx_contextual_conversions
    Feature record: CXX_FEATURE:0cxx_decltype
    Feature record: CXX_FEATURE:0cxx_decltype_auto
    Feature record: CXX_FEATURE:0cxx_decltype_incomplete_return_types
    Feature record: CXX_FEATURE:0cxx_default_function_template_args
    Feature record: CXX_FEATURE:0cxx_defaulted_functions
    Feature record: CXX_FEATURE:0cxx_defaulted_move_initializers
    Feature record: CXX_FEATURE:0cxx_delegating_constructors
    Feature record: CXX_FEATURE:0cxx_deleted_functions
    Feature record: CXX_FEATURE:0cxx_digit_separators
    Feature record: CXX_FEATURE:0cxx_enum_forward_declarations
    Feature record: CXX_FEATURE:0cxx_explicit_conversions
    Feature record: CXX_FEATURE:0cxx_extended_friend_declarations
    Feature record: CXX_FEATURE:0cxx_extern_templates
    Feature record: CXX_FEATURE:0cxx_final
    Feature record: CXX_FEATURE:0cxx_func_identifier
    Feature record: CXX_FEATURE:0cxx_generalized_initializers
    Feature record: CXX_FEATURE:0cxx_generic_lambdas
    Feature record: CXX_FEATURE:0cxx_inheriting_constructors
    Feature record: CXX_FEATURE:0cxx_inline_namespaces
    Feature record: CXX_FEATURE:0cxx_lambdas
    Feature record: CXX_FEATURE:0cxx_lambda_init_captures
    Feature record: CXX_FEATURE:0cxx_local_type_template_args
    Feature record: CXX_FEATURE:0cxx_long_long_type
    Feature record: CXX_FEATURE:0cxx_noexcept
    Feature record: CXX_FEATURE:0cxx_nonstatic_member_init
    Feature record: CXX_FEATURE:0cxx_nullptr
    Feature record: CXX_FEATURE:0cxx_override
    Feature record: CXX_FEATURE:0cxx_range_for
    Feature record: CXX_FEATURE:0cxx_raw_string_literals
    Feature record: CXX_FEATURE:0cxx_reference_qualified_functions
    Feature record: CXX_FEATURE:0cxx_relaxed_constexpr
    Feature record: CXX_FEATURE:0cxx_return_type_deduction
    Feature record: CXX_FEATURE:0cxx_right_angle_brackets
    Feature record: CXX_FEATURE:0cxx_rvalue_references
    Feature record: CXX_FEATURE:0cxx_sizeof_member
    Feature record: CXX_FEATURE:0cxx_static_assert
    Feature record: CXX_FEATURE:0cxx_strong_enums
    Feature record: CXX_FEATURE:1cxx_template_template_parameters
    Feature record: CXX_FEATURE:0cxx_thread_local
    Feature record: CXX_FEATURE:0cxx_trailing_return_types
    Feature record: CXX_FEATURE:0cxx_unicode_literals
    Feature record: CXX_FEATURE:0cxx_uniform_initialization
    Feature record: CXX_FEATURE:0cxx_unrestricted_unions
    Feature record: CXX_FEATURE:0cxx_user_literals
    Feature record: CXX_FEATURE:0cxx_variable_templates
    Feature record: CXX_FEATURE:0cxx_variadic_macros
    Feature record: CXX_FEATURE:0cxx_variadic_templates
Determining if the C compiler works passed with the following output:
Change Dir: /Users/xungong/Documents/opencv-2.4.12-static/build/CMakeFiles/CMakeTmp

Run Build Command:"/usr/bin/make" "cmTC_441bd/fast"
/Applications/Xcode.app/Contents/Developer/usr/bin/make -f CMakeFiles/cmTC_441bd.dir/build.make CMakeFiles/cmTC_441bd.dir/build
Building C object CMakeFiles/cmTC_441bd.dir/testCCompiler.c.o
/Applications/Xcode.app/Contents/Developer/Toolchains/XcodeDefault.xctoolchain/usr/bin/cc    -isysroot /Applications/Xcode.app/Contents/Developer/Platforms/MacOSX.platform/Developer/SDKs/MacOSX10.11.sdk   -o CMakeFiles/cmTC_441bd.dir/testCCompiler.c.o   -c /Users/xungong/Documents/opencv-2.4.12-static/build/CMakeFiles/CMakeTmp/testCCompiler.c
Linking C executable cmTC_441bd
/usr/local/Cellar/cmake/3.5.0/bin/cmake -E cmake_link_script CMakeFiles/cmTC_441bd.dir/link.txt --verbose=1
/Applications/Xcode.app/Contents/Developer/Toolchains/XcodeDefault.xctoolchain/usr/bin/cc    -isysroot /Applications/Xcode.app/Contents/Developer/Platforms/MacOSX.platform/Developer/SDKs/MacOSX10.11.sdk -Wl,-search_paths_first -Wl,-headerpad_max_install_names   CMakeFiles/cmTC_441bd.dir/testCCompiler.c.o  -o cmTC_441bd  


Detecting C compiler ABI info compiled with the following output:
Change Dir: /Users/xungong/Documents/opencv-2.4.12-static/build/CMakeFiles/CMakeTmp

Run Build Command:"/usr/bin/make" "cmTC_67c88/fast"
/Applications/Xcode.app/Contents/Developer/usr/bin/make -f CMakeFiles/cmTC_67c88.dir/build.make CMakeFiles/cmTC_67c88.dir/build
Building C object CMakeFiles/cmTC_67c88.dir/CMakeCCompilerABI.c.o
/Applications/Xcode.app/Contents/Developer/Toolchains/XcodeDefault.xctoolchain/usr/bin/cc    -isysroot /Applications/Xcode.app/Contents/Developer/Platforms/MacOSX.platform/Developer/SDKs/MacOSX10.11.sdk   -o CMakeFiles/cmTC_67c88.dir/CMakeCCompilerABI.c.o   -c /usr/local/Cellar/cmake/3.5.0/share/cmake/Modules/CMakeCCompilerABI.c
Linking C executable cmTC_67c88
/usr/local/Cellar/cmake/3.5.0/bin/cmake -E cmake_link_script CMakeFiles/cmTC_67c88.dir/link.txt --verbose=1
/Applications/Xcode.app/Contents/Developer/Toolchains/XcodeDefault.xctoolchain/usr/bin/cc    -isysroot /Applications/Xcode.app/Contents/Developer/Platforms/MacOSX.platform/Developer/SDKs/MacOSX10.11.sdk -Wl,-search_paths_first -Wl,-headerpad_max_install_names  -v -Wl,-v CMakeFiles/cmTC_67c88.dir/CMakeCCompilerABI.c.o  -o cmTC_67c88   
Apple LLVM version 7.3.0 (clang-703.0.29)
Target: x86_64-apple-darwin15.3.0
Thread model: posix
InstalledDir: /Applications/Xcode.app/Contents/Developer/Toolchains/XcodeDefault.xctoolchain/usr/bin
 "/Applications/Xcode.app/Contents/Developer/Toolchains/XcodeDefault.xctoolchain/usr/bin/ld" -demangle -dynamic -arch x86_64 -macosx_version_min 10.11.0 -syslibroot /Applications/Xcode.app/Contents/Developer/Platforms/MacOSX.platform/Developer/SDKs/MacOSX10.11.sdk -o cmTC_67c88 -search_paths_first -headerpad_max_install_names -v CMakeFiles/cmTC_67c88.dir/CMakeCCompilerABI.c.o -lSystem /Applications/Xcode.app/Contents/Developer/Toolchains/XcodeDefault.xctoolchain/usr/bin/../lib/clang/7.3.0/lib/darwin/libclang_rt.osx.a
@(#)PROGRAM:ld  PROJECT:ld64-264.3.101
configured to support archs: armv6 armv7 armv7s arm64 i386 x86_64 x86_64h armv6m armv7k armv7m armv7em (tvOS)
Library search paths:
	/Applications/Xcode.app/Contents/Developer/Platforms/MacOSX.platform/Developer/SDKs/MacOSX10.11.sdk/usr/lib
Framework search paths:
	/Applications/Xcode.app/Contents/Developer/Platforms/MacOSX.platform/Developer/SDKs/MacOSX10.11.sdk/System/Library/Frameworks/


Parsed C implicit link information from above output:
  link line regex: [^( *|.*[/\])(ld|([^/\]+-)?ld|collect2)[^/\]*( |$)]
  ignore line: [Change Dir: /Users/xungong/Documents/opencv-2.4.12-static/build/CMakeFiles/CMakeTmp]
  ignore line: []
  ignore line: [Run Build Command:"/usr/bin/make" "cmTC_67c88/fast"]
  ignore line: [/Applications/Xcode.app/Contents/Developer/usr/bin/make -f CMakeFiles/cmTC_67c88.dir/build.make CMakeFiles/cmTC_67c88.dir/build]
  ignore line: [Building C object CMakeFiles/cmTC_67c88.dir/CMakeCCompilerABI.c.o]
  ignore line: [/Applications/Xcode.app/Contents/Developer/Toolchains/XcodeDefault.xctoolchain/usr/bin/cc    -isysroot /Applications/Xcode.app/Contents/Developer/Platforms/MacOSX.platform/Developer/SDKs/MacOSX10.11.sdk   -o CMakeFiles/cmTC_67c88.dir/CMakeCCompilerABI.c.o   -c /usr/local/Cellar/cmake/3.5.0/share/cmake/Modules/CMakeCCompilerABI.c]
  ignore line: [Linking C executable cmTC_67c88]
  ignore line: [/usr/local/Cellar/cmake/3.5.0/bin/cmake -E cmake_link_script CMakeFiles/cmTC_67c88.dir/link.txt --verbose=1]
  ignore line: [/Applications/Xcode.app/Contents/Developer/Toolchains/XcodeDefault.xctoolchain/usr/bin/cc    -isysroot /Applications/Xcode.app/Contents/Developer/Platforms/MacOSX.platform/Developer/SDKs/MacOSX10.11.sdk -Wl,-search_paths_first -Wl,-headerpad_max_install_names  -v -Wl,-v CMakeFiles/cmTC_67c88.dir/CMakeCCompilerABI.c.o  -o cmTC_67c88   ]
  ignore line: [Apple LLVM version 7.3.0 (clang-703.0.29)]
  ignore line: [Target: x86_64-apple-darwin15.3.0]
  ignore line: [Thread model: posix]
  ignore line: [InstalledDir: /Applications/Xcode.app/Contents/Developer/Toolchains/XcodeDefault.xctoolchain/usr/bin]
  link line: [ "/Applications/Xcode.app/Contents/Developer/Toolchains/XcodeDefault.xctoolchain/usr/bin/ld" -demangle -dynamic -arch x86_64 -macosx_version_min 10.11.0 -syslibroot /Applications/Xcode.app/Contents/Developer/Platforms/MacOSX.platform/Developer/SDKs/MacOSX10.11.sdk -o cmTC_67c88 -search_paths_first -headerpad_max_install_names -v CMakeFiles/cmTC_67c88.dir/CMakeCCompilerABI.c.o -lSystem /Applications/Xcode.app/Contents/Developer/Toolchains/XcodeDefault.xctoolchain/usr/bin/../lib/clang/7.3.0/lib/darwin/libclang_rt.osx.a]
    arg [/Applications/Xcode.app/Contents/Developer/Toolchains/XcodeDefault.xctoolchain/usr/bin/ld] ==> ignore
    arg [-demangle] ==> ignore
    arg [-dynamic] ==> ignore
    arg [-arch] ==> ignore
    arg [x86_64] ==> ignore
    arg [-macosx_version_min] ==> ignore
    arg [10.11.0] ==> ignore
    arg [-syslibroot] ==> ignore
    arg [/Applications/Xcode.app/Contents/Developer/Platforms/MacOSX.platform/Developer/SDKs/MacOSX10.11.sdk] ==> ignore
    arg [-o] ==> ignore
    arg [cmTC_67c88] ==> ignore
    arg [-search_paths_first] ==> ignore
    arg [-headerpad_max_install_names] ==> ignore
    arg [-v] ==> ignore
    arg [CMakeFiles/cmTC_67c88.dir/CMakeCCompilerABI.c.o] ==> ignore
    arg [-lSystem] ==> lib [System]
    arg [/Applications/Xcode.app/Contents/Developer/Toolchains/XcodeDefault.xctoolchain/usr/bin/../lib/clang/7.3.0/lib/darwin/libclang_rt.osx.a] ==> lib [/Applications/Xcode.app/Contents/Developer/Toolchains/XcodeDefault.xctoolchain/usr/bin/../lib/clang/7.3.0/lib/darwin/libclang_rt.osx.a]
  Library search paths: [;/Applications/Xcode.app/Contents/Developer/Platforms/MacOSX.platform/Developer/SDKs/MacOSX10.11.sdk/usr/lib]
  Framework search paths: [;/Applications/Xcode.app/Contents/Developer/Platforms/MacOSX.platform/Developer/SDKs/MacOSX10.11.sdk/System/Library/Frameworks/]
  remove lib [System]
  collapse lib [/Applications/Xcode.app/Contents/Developer/Toolchains/XcodeDefault.xctoolchain/usr/bin/../lib/clang/7.3.0/lib/darwin/libclang_rt.osx.a] ==> [/Applications/Xcode.app/Contents/Developer/Toolchains/XcodeDefault.xctoolchain/usr/lib/clang/7.3.0/lib/darwin/libclang_rt.osx.a]
  collapse library dir [/Applications/Xcode.app/Contents/Developer/Platforms/MacOSX.platform/Developer/SDKs/MacOSX10.11.sdk/usr/lib] ==> [/Applications/Xcode.app/Contents/Developer/Platforms/MacOSX.platform/Developer/SDKs/MacOSX10.11.sdk/usr/lib]
  collapse framework dir [/Applications/Xcode.app/Contents/Developer/Platforms/MacOSX.platform/Developer/SDKs/MacOSX10.11.sdk/System/Library/Frameworks/] ==> [/Applications/Xcode.app/Contents/Developer/Platforms/MacOSX.platform/Developer/SDKs/MacOSX10.11.sdk/System/Library/Frameworks]
  implicit libs: [/Applications/Xcode.app/Contents/Developer/Toolchains/XcodeDefault.xctoolchain/usr/lib/clang/7.3.0/lib/darwin/libclang_rt.osx.a]
  implicit dirs: [/Applications/Xcode.app/Contents/Developer/Platforms/MacOSX.platform/Developer/SDKs/MacOSX10.11.sdk/usr/lib]
  implicit fwks: [/Applications/Xcode.app/Contents/Developer/Platforms/MacOSX.platform/Developer/SDKs/MacOSX10.11.sdk/System/Library/Frameworks]




Detecting C [-std=c11] compiler features compiled with the following output:
Change Dir: /Users/xungong/Documents/opencv-2.4.12-static/build/CMakeFiles/CMakeTmp

Run Build Command:"/usr/bin/make" "cmTC_5b103/fast"
/Applications/Xcode.app/Contents/Developer/usr/bin/make -f CMakeFiles/cmTC_5b103.dir/build.make CMakeFiles/cmTC_5b103.dir/build
Building C object CMakeFiles/cmTC_5b103.dir/feature_tests.c.o
/Applications/Xcode.app/Contents/Developer/Toolchains/XcodeDefault.xctoolchain/usr/bin/cc    -isysroot /Applications/Xcode.app/Contents/Developer/Platforms/MacOSX.platform/Developer/SDKs/MacOSX10.11.sdk   -std=c11 -o CMakeFiles/cmTC_5b103.dir/feature_tests.c.o   -c /Users/xungong/Documents/opencv-2.4.12-static/build/CMakeFiles/feature_tests.c
Linking C executable cmTC_5b103
/usr/local/Cellar/cmake/3.5.0/bin/cmake -E cmake_link_script CMakeFiles/cmTC_5b103.dir/link.txt --verbose=1
/Applications/Xcode.app/Contents/Developer/Toolchains/XcodeDefault.xctoolchain/usr/bin/cc    -isysroot /Applications/Xcode.app/Contents/Developer/Platforms/MacOSX.platform/Developer/SDKs/MacOSX10.11.sdk -Wl,-search_paths_first -Wl,-headerpad_max_install_names   CMakeFiles/cmTC_5b103.dir/feature_tests.c.o  -o cmTC_5b103  


    Feature record: C_FEATURE:1c_function_prototypes
    Feature record: C_FEATURE:1c_restrict
    Feature record: C_FEATURE:1c_static_assert
    Feature record: C_FEATURE:1c_variadic_macros


Detecting C [-std=c99] compiler features compiled with the following output:
Change Dir: /Users/xungong/Documents/opencv-2.4.12-static/build/CMakeFiles/CMakeTmp

Run Build Command:"/usr/bin/make" "cmTC_3c346/fast"
/Applications/Xcode.app/Contents/Developer/usr/bin/make -f CMakeFiles/cmTC_3c346.dir/build.make CMakeFiles/cmTC_3c346.dir/build
Building C object CMakeFiles/cmTC_3c346.dir/feature_tests.c.o
/Applications/Xcode.app/Contents/Developer/Toolchains/XcodeDefault.xctoolchain/usr/bin/cc    -isysroot /Applications/Xcode.app/Contents/Developer/Platforms/MacOSX.platform/Developer/SDKs/MacOSX10.11.sdk   -std=c99 -o CMakeFiles/cmTC_3c346.dir/feature_tests.c.o   -c /Users/xungong/Documents/opencv-2.4.12-static/build/CMakeFiles/feature_tests.c
Linking C executable cmTC_3c346
/usr/local/Cellar/cmake/3.5.0/bin/cmake -E cmake_link_script CMakeFiles/cmTC_3c346.dir/link.txt --verbose=1
/Applications/Xcode.app/Contents/Developer/Toolchains/XcodeDefault.xctoolchain/usr/bin/cc    -isysroot /Applications/Xcode.app/Contents/Developer/Platforms/MacOSX.platform/Developer/SDKs/MacOSX10.11.sdk -Wl,-search_paths_first -Wl,-headerpad_max_install_names   CMakeFiles/cmTC_3c346.dir/feature_tests.c.o  -o cmTC_3c346  


    Feature record: C_FEATURE:1c_function_prototypes
    Feature record: C_FEATURE:1c_restrict
    Feature record: C_FEATURE:0c_static_assert
    Feature record: C_FEATURE:1c_variadic_macros


Detecting C [-std=c90] compiler features compiled with the following output:
Change Dir: /Users/xungong/Documents/opencv-2.4.12-static/build/CMakeFiles/CMakeTmp

Run Build Command:"/usr/bin/make" "cmTC_10b4a/fast"
/Applications/Xcode.app/Contents/Developer/usr/bin/make -f CMakeFiles/cmTC_10b4a.dir/build.make CMakeFiles/cmTC_10b4a.dir/build
Building C object CMakeFiles/cmTC_10b4a.dir/feature_tests.c.o
/Applications/Xcode.app/Contents/Developer/Toolchains/XcodeDefault.xctoolchain/usr/bin/cc    -isysroot /Applications/Xcode.app/Contents/Developer/Platforms/MacOSX.platform/Developer/SDKs/MacOSX10.11.sdk   -std=c90 -o CMakeFiles/cmTC_10b4a.dir/feature_tests.c.o   -c /Users/xungong/Documents/opencv-2.4.12-static/build/CMakeFiles/feature_tests.c
Linking C executable cmTC_10b4a
/usr/local/Cellar/cmake/3.5.0/bin/cmake -E cmake_link_script CMakeFiles/cmTC_10b4a.dir/link.txt --verbose=1
/Applications/Xcode.app/Contents/Developer/Toolchains/XcodeDefault.xctoolchain/usr/bin/cc    -isysroot /Applications/Xcode.app/Contents/Developer/Platforms/MacOSX.platform/Developer/SDKs/MacOSX10.11.sdk -Wl,-search_paths_first -Wl,-headerpad_max_install_names   CMakeFiles/cmTC_10b4a.dir/feature_tests.c.o  -o cmTC_10b4a  


    Feature record: C_FEATURE:1c_function_prototypes
    Feature record: C_FEATURE:0c_restrict
    Feature record: C_FEATURE:0c_static_assert
    Feature record: C_FEATURE:0c_variadic_macros
Determining if the include file sys/types.h exists passed with the following output:
Change Dir: /Users/xungong/Documents/opencv-2.4.12-static/build/CMakeFiles/CMakeTmp

Run Build Command:"/usr/bin/make" "cmTC_98c84/fast"
/Applications/Xcode.app/Contents/Developer/usr/bin/make -f CMakeFiles/cmTC_98c84.dir/build.make CMakeFiles/cmTC_98c84.dir/build
Building C object CMakeFiles/cmTC_98c84.dir/CheckIncludeFile.c.o
/Applications/Xcode.app/Contents/Developer/Toolchains/XcodeDefault.xctoolchain/usr/bin/cc    -fPIC   -fsigned-char -W -Werror=return-type -Werror=address -Werror=sequence-point -Wformat -Werror=format-security -Wmissing-declarations -Wmissing-prototypes -Wstrict-prototypes -Wundef -Winit-self -Wpointer-arith -Wshadow -Wsign-promo -Wno-narrowing -Wno-delete-non-virtual-dtor -Wno-unnamed-type-template-args -Wno-array-bounds -fdiagnostics-show-option -Wno-long-long -Wno-semicolon-before-method-body -fno-omit-frame-pointer -msse -msse2 -msse3  -O3 -DNDEBUG -isysroot /Applications/Xcode.app/Contents/Developer/Platforms/MacOSX.platform/Developer/SDKs/MacOSX10.11.sdk   -o CMakeFiles/cmTC_98c84.dir/CheckIncludeFile.c.o   -c /Users/xungong/Documents/opencv-2.4.12-static/build/CMakeFiles/CMakeTmp/CheckIncludeFile.c
Linking C executable cmTC_98c84
/usr/local/Cellar/cmake/3.5.0/bin/cmake -E cmake_link_script CMakeFiles/cmTC_98c84.dir/link.txt --verbose=1
/Applications/Xcode.app/Contents/Developer/Toolchains/XcodeDefault.xctoolchain/usr/bin/cc   -fPIC   -fsigned-char -W -Werror=return-type -Werror=address -Werror=sequence-point -Wformat -Werror=format-security -Wmissing-declarations -Wmissing-prototypes -Wstrict-prototypes -Wundef -Winit-self -Wpointer-arith -Wshadow -Wsign-promo -Wno-narrowing -Wno-delete-non-virtual-dtor -Wno-unnamed-type-template-args -Wno-array-bounds -fdiagnostics-show-option -Wno-long-long -Wno-semicolon-before-method-body -fno-omit-frame-pointer -msse -msse2 -msse3  -O3 -DNDEBUG -isysroot /Applications/Xcode.app/Contents/Developer/Platforms/MacOSX.platform/Developer/SDKs/MacOSX10.11.sdk -Wl,-search_paths_first -Wl,-headerpad_max_install_names   CMakeFiles/cmTC_98c84.dir/CheckIncludeFile.c.o  -o cmTC_98c84  


Determining if the include file stdint.h exists passed with the following output:
Change Dir: /Users/xungong/Documents/opencv-2.4.12-static/build/CMakeFiles/CMakeTmp

Run Build Command:"/usr/bin/make" "cmTC_2eaac/fast"
/Applications/Xcode.app/Contents/Developer/usr/bin/make -f CMakeFiles/cmTC_2eaac.dir/build.make CMakeFiles/cmTC_2eaac.dir/build
Building C object CMakeFiles/cmTC_2eaac.dir/CheckIncludeFile.c.o
/Applications/Xcode.app/Contents/Developer/Toolchains/XcodeDefault.xctoolchain/usr/bin/cc    -fPIC   -fsigned-char -W -Werror=return-type -Werror=address -Werror=sequence-point -Wformat -Werror=format-security -Wmissing-declarations -Wmissing-prototypes -Wstrict-prototypes -Wundef -Winit-self -Wpointer-arith -Wshadow -Wsign-promo -Wno-narrowing -Wno-delete-non-virtual-dtor -Wno-unnamed-type-template-args -Wno-array-bounds -fdiagnostics-show-option -Wno-long-long -Wno-semicolon-before-method-body -fno-omit-frame-pointer -msse -msse2 -msse3  -O3 -DNDEBUG -isysroot /Applications/Xcode.app/Contents/Developer/Platforms/MacOSX.platform/Developer/SDKs/MacOSX10.11.sdk   -o CMakeFiles/cmTC_2eaac.dir/CheckIncludeFile.c.o   -c /Users/xungong/Documents/opencv-2.4.12-static/build/CMakeFiles/CMakeTmp/CheckIncludeFile.c
Linking C executable cmTC_2eaac
/usr/local/Cellar/cmake/3.5.0/bin/cmake -E cmake_link_script CMakeFiles/cmTC_2eaac.dir/link.txt --verbose=1
/Applications/Xcode.app/Contents/Developer/Toolchains/XcodeDefault.xctoolchain/usr/bin/cc   -fPIC   -fsigned-char -W -Werror=return-type -Werror=address -Werror=sequence-point -Wformat -Werror=format-security -Wmissing-declarations -Wmissing-prototypes -Wstrict-prototypes -Wundef -Winit-self -Wpointer-arith -Wshadow -Wsign-promo -Wno-narrowing -Wno-delete-non-virtual-dtor -Wno-unnamed-type-template-args -Wno-array-bounds -fdiagnostics-show-option -Wno-long-long -Wno-semicolon-before-method-body -fno-omit-frame-pointer -msse -msse2 -msse3  -O3 -DNDEBUG -isysroot /Applications/Xcode.app/Contents/Developer/Platforms/MacOSX.platform/Developer/SDKs/MacOSX10.11.sdk -Wl,-search_paths_first -Wl,-headerpad_max_install_names   CMakeFiles/cmTC_2eaac.dir/CheckIncludeFile.c.o  -o cmTC_2eaac  


Determining if the include file stddef.h exists passed with the following output:
Change Dir: /Users/xungong/Documents/opencv-2.4.12-static/build/CMakeFiles/CMakeTmp

Run Build Command:"/usr/bin/make" "cmTC_94ccc/fast"
/Applications/Xcode.app/Contents/Developer/usr/bin/make -f CMakeFiles/cmTC_94ccc.dir/build.make CMakeFiles/cmTC_94ccc.dir/build
Building C object CMakeFiles/cmTC_94ccc.dir/CheckIncludeFile.c.o
/Applications/Xcode.app/Contents/Developer/Toolchains/XcodeDefault.xctoolchain/usr/bin/cc    -fPIC   -fsigned-char -W -Werror=return-type -Werror=address -Werror=sequence-point -Wformat -Werror=format-security -Wmissing-declarations -Wmissing-prototypes -Wstrict-prototypes -Wundef -Winit-self -Wpointer-arith -Wshadow -Wsign-promo -Wno-narrowing -Wno-delete-non-virtual-dtor -Wno-unnamed-type-template-args -Wno-array-bounds -fdiagnostics-show-option -Wno-long-long -Wno-semicolon-before-method-body -fno-omit-frame-pointer -msse -msse2 -msse3  -O3 -DNDEBUG -isysroot /Applications/Xcode.app/Contents/Developer/Platforms/MacOSX.platform/Developer/SDKs/MacOSX10.11.sdk   -o CMakeFiles/cmTC_94ccc.dir/CheckIncludeFile.c.o   -c /Users/xungong/Documents/opencv-2.4.12-static/build/CMakeFiles/CMakeTmp/CheckIncludeFile.c
Linking C executable cmTC_94ccc
/usr/local/Cellar/cmake/3.5.0/bin/cmake -E cmake_link_script CMakeFiles/cmTC_94ccc.dir/link.txt --verbose=1
/Applications/Xcode.app/Contents/Developer/Toolchains/XcodeDefault.xctoolchain/usr/bin/cc   -fPIC   -fsigned-char -W -Werror=return-type -Werror=address -Werror=sequence-point -Wformat -Werror=format-security -Wmissing-declarations -Wmissing-prototypes -Wstrict-prototypes -Wundef -Winit-self -Wpointer-arith -Wshadow -Wsign-promo -Wno-narrowing -Wno-delete-non-virtual-dtor -Wno-unnamed-type-template-args -Wno-array-bounds -fdiagnostics-show-option -Wno-long-long -Wno-semicolon-before-method-body -fno-omit-frame-pointer -msse -msse2 -msse3  -O3 -DNDEBUG -isysroot /Applications/Xcode.app/Contents/Developer/Platforms/MacOSX.platform/Developer/SDKs/MacOSX10.11.sdk -Wl,-search_paths_first -Wl,-headerpad_max_install_names   CMakeFiles/cmTC_94ccc.dir/CheckIncludeFile.c.o  -o cmTC_94ccc  


Determining size of unsigned short passed with the following output:
Change Dir: /Users/xungong/Documents/opencv-2.4.12-static/build/CMakeFiles/CMakeTmp

Run Build Command:"/usr/bin/make" "cmTC_0b312/fast"
/Applications/Xcode.app/Contents/Developer/usr/bin/make -f CMakeFiles/cmTC_0b312.dir/build.make CMakeFiles/cmTC_0b312.dir/build
Building C object CMakeFiles/cmTC_0b312.dir/CMAKE_SIZEOF_UNSIGNED_SHORT.c.o
/Applications/Xcode.app/Contents/Developer/Toolchains/XcodeDefault.xctoolchain/usr/bin/cc    -fPIC   -fsigned-char -W -Werror=return-type -Werror=address -Werror=sequence-point -Wformat -Werror=format-security -Wmissing-declarations -Wmissing-prototypes -Wstrict-prototypes -Wundef -Winit-self -Wpointer-arith -Wshadow -Wsign-promo -Wno-narrowing -Wno-delete-non-virtual-dtor -Wno-unnamed-type-template-args -Wno-array-bounds -fdiagnostics-show-option -Wno-long-long -Wno-semicolon-before-method-body -fno-omit-frame-pointer -msse -msse2 -msse3  -O3 -DNDEBUG -isysroot /Applications/Xcode.app/Contents/Developer/Platforms/MacOSX.platform/Developer/SDKs/MacOSX10.11.sdk   -o CMakeFiles/cmTC_0b312.dir/CMAKE_SIZEOF_UNSIGNED_SHORT.c.o   -c /Users/xungong/Documents/opencv-2.4.12-static/build/CMakeFiles/CheckTypeSize/CMAKE_SIZEOF_UNSIGNED_SHORT.c
Linking C executable cmTC_0b312
/usr/local/Cellar/cmake/3.5.0/bin/cmake -E cmake_link_script CMakeFiles/cmTC_0b312.dir/link.txt --verbose=1
/Applications/Xcode.app/Contents/Developer/Toolchains/XcodeDefault.xctoolchain/usr/bin/cc   -fPIC   -fsigned-char -W -Werror=return-type -Werror=address -Werror=sequence-point -Wformat -Werror=format-security -Wmissing-declarations -Wmissing-prototypes -Wstrict-prototypes -Wundef -Winit-self -Wpointer-arith -Wshadow -Wsign-promo -Wno-narrowing -Wno-delete-non-virtual-dtor -Wno-unnamed-type-template-args -Wno-array-bounds -fdiagnostics-show-option -Wno-long-long -Wno-semicolon-before-method-body -fno-omit-frame-pointer -msse -msse2 -msse3  -O3 -DNDEBUG -isysroot /Applications/Xcode.app/Contents/Developer/Platforms/MacOSX.platform/Developer/SDKs/MacOSX10.11.sdk -Wl,-search_paths_first -Wl,-headerpad_max_install_names   CMakeFiles/cmTC_0b312.dir/CMAKE_SIZEOF_UNSIGNED_SHORT.c.o  -o cmTC_0b312  


Determining if the function fseeko exists passed with the following output:
Change Dir: /Users/xungong/Documents/opencv-2.4.12-static/build/CMakeFiles/CMakeTmp

Run Build Command:"/usr/bin/make" "cmTC_c7a4e/fast"
/Applications/Xcode.app/Contents/Developer/usr/bin/make -f CMakeFiles/cmTC_c7a4e.dir/build.make CMakeFiles/cmTC_c7a4e.dir/build
Building C object CMakeFiles/cmTC_c7a4e.dir/CheckFunctionExists.c.o
/Applications/Xcode.app/Contents/Developer/Toolchains/XcodeDefault.xctoolchain/usr/bin/cc    -fPIC   -fsigned-char -W -Werror=return-type -Werror=address -Werror=sequence-point -Wformat -Werror=format-security -Wmissing-declarations -Wmissing-prototypes -Wstrict-prototypes -Wundef -Winit-self -Wpointer-arith -Wshadow -Wsign-promo -Wno-narrowing -Wno-delete-non-virtual-dtor -Wno-unnamed-type-template-args -Wno-array-bounds -fdiagnostics-show-option -Wno-long-long -Wno-semicolon-before-method-body -fno-omit-frame-pointer -msse -msse2 -msse3 -DCHECK_FUNCTION_EXISTS=fseeko -O3 -DNDEBUG -isysroot /Applications/Xcode.app/Contents/Developer/Platforms/MacOSX.platform/Developer/SDKs/MacOSX10.11.sdk   -o CMakeFiles/cmTC_c7a4e.dir/CheckFunctionExists.c.o   -c /usr/local/Cellar/cmake/3.5.0/share/cmake/Modules/CheckFunctionExists.c
Linking C executable cmTC_c7a4e
/usr/local/Cellar/cmake/3.5.0/bin/cmake -E cmake_link_script CMakeFiles/cmTC_c7a4e.dir/link.txt --verbose=1
/Applications/Xcode.app/Contents/Developer/Toolchains/XcodeDefault.xctoolchain/usr/bin/cc   -fPIC   -fsigned-char -W -Werror=return-type -Werror=address -Werror=sequence-point -Wformat -Werror=format-security -Wmissing-declarations -Wmissing-prototypes -Wstrict-prototypes -Wundef -Winit-self -Wpointer-arith -Wshadow -Wsign-promo -Wno-narrowing -Wno-delete-non-virtual-dtor -Wno-unnamed-type-template-args -Wno-array-bounds -fdiagnostics-show-option -Wno-long-long -Wno-semicolon-before-method-body -fno-omit-frame-pointer -msse -msse2 -msse3 -DCHECK_FUNCTION_EXISTS=fseeko -O3 -DNDEBUG -isysroot /Applications/Xcode.app/Contents/Developer/Platforms/MacOSX.platform/Developer/SDKs/MacOSX10.11.sdk -Wl,-search_paths_first -Wl,-headerpad_max_install_names   CMakeFiles/cmTC_c7a4e.dir/CheckFunctionExists.c.o  -o cmTC_c7a4e  


Determining if the include file unistd.h exists passed with the following output:
Change Dir: /Users/xungong/Documents/opencv-2.4.12-static/build/CMakeFiles/CMakeTmp

Run Build Command:"/usr/bin/make" "cmTC_70101/fast"
/Applications/Xcode.app/Contents/Developer/usr/bin/make -f CMakeFiles/cmTC_70101.dir/build.make CMakeFiles/cmTC_70101.dir/build
Building C object CMakeFiles/cmTC_70101.dir/CheckIncludeFile.c.o
/Applications/Xcode.app/Contents/Developer/Toolchains/XcodeDefault.xctoolchain/usr/bin/cc    -fPIC   -fsigned-char -W -Werror=return-type -Werror=address -Werror=sequence-point -Wformat -Werror=format-security -Wmissing-declarations -Wmissing-prototypes -Wstrict-prototypes -Wundef -Winit-self -Wpointer-arith -Wshadow -Wsign-promo -Wno-narrowing -Wno-delete-non-virtual-dtor -Wno-unnamed-type-template-args -Wno-array-bounds -fdiagnostics-show-option -Wno-long-long -Wno-semicolon-before-method-body -fno-omit-frame-pointer -msse -msse2 -msse3  -O3 -DNDEBUG -isysroot /Applications/Xcode.app/Contents/Developer/Platforms/MacOSX.platform/Developer/SDKs/MacOSX10.11.sdk   -o CMakeFiles/cmTC_70101.dir/CheckIncludeFile.c.o   -c /Users/xungong/Documents/opencv-2.4.12-static/build/CMakeFiles/CMakeTmp/CheckIncludeFile.c
Linking C executable cmTC_70101
/usr/local/Cellar/cmake/3.5.0/bin/cmake -E cmake_link_script CMakeFiles/cmTC_70101.dir/link.txt --verbose=1
/Applications/Xcode.app/Contents/Developer/Toolchains/XcodeDefault.xctoolchain/usr/bin/cc   -fPIC   -fsigned-char -W -Werror=return-type -Werror=address -Werror=sequence-point -Wformat -Werror=format-security -Wmissing-declarations -Wmissing-prototypes -Wstrict-prototypes -Wundef -Winit-self -Wpointer-arith -Wshadow -Wsign-promo -Wno-narrowing -Wno-delete-non-virtual-dtor -Wno-unnamed-type-template-args -Wno-array-bounds -fdiagnostics-show-option -Wno-long-long -Wno-semicolon-before-method-body -fno-omit-frame-pointer -msse -msse2 -msse3  -O3 -DNDEBUG -isysroot /Applications/Xcode.app/Contents/Developer/Platforms/MacOSX.platform/Developer/SDKs/MacOSX10.11.sdk -Wl,-search_paths_first -Wl,-headerpad_max_install_names   CMakeFiles/cmTC_70101.dir/CheckIncludeFile.c.o  -o cmTC_70101  


Determining if the include file assert.h exists passed with the following output:
Change Dir: /Users/xungong/Documents/opencv-2.4.12-static/build/CMakeFiles/CMakeTmp

Run Build Command:"/usr/bin/make" "cmTC_4a689/fast"
/Applications/Xcode.app/Contents/Developer/usr/bin/make -f CMakeFiles/cmTC_4a689.dir/build.make CMakeFiles/cmTC_4a689.dir/build
Building C object CMakeFiles/cmTC_4a689.dir/CheckIncludeFile.c.o
/Applications/Xcode.app/Contents/Developer/Toolchains/XcodeDefault.xctoolchain/usr/bin/cc    -fPIC   -fsigned-char -W -Werror=return-type -Werror=address -Werror=sequence-point -Wformat -Werror=format-security -Wmissing-declarations -Wmissing-prototypes -Wstrict-prototypes -Wundef -Winit-self -Wpointer-arith -Wshadow -Wsign-promo -Wno-narrowing -Wno-delete-non-virtual-dtor -Wno-unnamed-type-template-args -Wno-array-bounds -fdiagnostics-show-option -Wno-long-long -Wno-semicolon-before-method-body -fno-omit-frame-pointer -msse -msse2 -msse3  -O3 -DNDEBUG -isysroot /Applications/Xcode.app/Contents/Developer/Platforms/MacOSX.platform/Developer/SDKs/MacOSX10.11.sdk   -o CMakeFiles/cmTC_4a689.dir/CheckIncludeFile.c.o   -c /Users/xungong/Documents/opencv-2.4.12-static/build/CMakeFiles/CMakeTmp/CheckIncludeFile.c
Linking C executable cmTC_4a689
/usr/local/Cellar/cmake/3.5.0/bin/cmake -E cmake_link_script CMakeFiles/cmTC_4a689.dir/link.txt --verbose=1
/Applications/Xcode.app/Contents/Developer/Toolchains/XcodeDefault.xctoolchain/usr/bin/cc   -fPIC   -fsigned-char -W -Werror=return-type -Werror=address -Werror=sequence-point -Wformat -Werror=format-security -Wmissing-declarations -Wmissing-prototypes -Wstrict-prototypes -Wundef -Winit-self -Wpointer-arith -Wshadow -Wsign-promo -Wno-narrowing -Wno-delete-non-virtual-dtor -Wno-unnamed-type-template-args -Wno-array-bounds -fdiagnostics-show-option -Wno-long-long -Wno-semicolon-before-method-body -fno-omit-frame-pointer -msse -msse2 -msse3  -O3 -DNDEBUG -isysroot /Applications/Xcode.app/Contents/Developer/Platforms/MacOSX.platform/Developer/SDKs/MacOSX10.11.sdk -Wl,-search_paths_first -Wl,-headerpad_max_install_names   CMakeFiles/cmTC_4a689.dir/CheckIncludeFile.c.o  -o cmTC_4a689  


Determining if the include file fcntl.h exists passed with the following output:
Change Dir: /Users/xungong/Documents/opencv-2.4.12-static/build/CMakeFiles/CMakeTmp

Run Build Command:"/usr/bin/make" "cmTC_c359b/fast"
/Applications/Xcode.app/Contents/Developer/usr/bin/make -f CMakeFiles/cmTC_c359b.dir/build.make CMakeFiles/cmTC_c359b.dir/build
Building C object CMakeFiles/cmTC_c359b.dir/CheckIncludeFile.c.o
/Applications/Xcode.app/Contents/Developer/Toolchains/XcodeDefault.xctoolchain/usr/bin/cc    -fPIC   -fsigned-char -W -Werror=return-type -Werror=address -Werror=sequence-point -Wformat -Werror=format-security -Wmissing-declarations -Wmissing-prototypes -Wstrict-prototypes -Wundef -Winit-self -Wpointer-arith -Wshadow -Wsign-promo -Wno-narrowing -Wno-delete-non-virtual-dtor -Wno-unnamed-type-template-args -Wno-array-bounds -fdiagnostics-show-option -Wno-long-long -Wno-semicolon-before-method-body -fno-omit-frame-pointer -msse -msse2 -msse3  -O3 -DNDEBUG -isysroot /Applications/Xcode.app/Contents/Developer/Platforms/MacOSX.platform/Developer/SDKs/MacOSX10.11.sdk   -o CMakeFiles/cmTC_c359b.dir/CheckIncludeFile.c.o   -c /Users/xungong/Documents/opencv-2.4.12-static/build/CMakeFiles/CMakeTmp/CheckIncludeFile.c
Linking C executable cmTC_c359b
/usr/local/Cellar/cmake/3.5.0/bin/cmake -E cmake_link_script CMakeFiles/cmTC_c359b.dir/link.txt --verbose=1
/Applications/Xcode.app/Contents/Developer/Toolchains/XcodeDefault.xctoolchain/usr/bin/cc   -fPIC   -fsigned-char -W -Werror=return-type -Werror=address -Werror=sequence-point -Wformat -Werror=format-security -Wmissing-declarations -Wmissing-prototypes -Wstrict-prototypes -Wundef -Winit-self -Wpointer-arith -Wshadow -Wsign-promo -Wno-narrowing -Wno-delete-non-virtual-dtor -Wno-unnamed-type-template-args -Wno-array-bounds -fdiagnostics-show-option -Wno-long-long -Wno-semicolon-before-method-body -fno-omit-frame-pointer -msse -msse2 -msse3  -O3 -DNDEBUG -isysroot /Applications/Xcode.app/Contents/Developer/Platforms/MacOSX.platform/Developer/SDKs/MacOSX10.11.sdk -Wl,-search_paths_first -Wl,-headerpad_max_install_names   CMakeFiles/cmTC_c359b.dir/CheckIncludeFile.c.o  -o cmTC_c359b  


Determining if the function mmap exists passed with the following output:
Change Dir: /Users/xungong/Documents/opencv-2.4.12-static/build/CMakeFiles/CMakeTmp

Run Build Command:"/usr/bin/make" "cmTC_023fe/fast"
/Applications/Xcode.app/Contents/Developer/usr/bin/make -f CMakeFiles/cmTC_023fe.dir/build.make CMakeFiles/cmTC_023fe.dir/build
Building C object CMakeFiles/cmTC_023fe.dir/CheckFunctionExists.c.o
/Applications/Xcode.app/Contents/Developer/Toolchains/XcodeDefault.xctoolchain/usr/bin/cc    -fPIC   -fsigned-char -W -Werror=return-type -Werror=address -Werror=sequence-point -Wformat -Werror=format-security -Wmissing-declarations -Wmissing-prototypes -Wstrict-prototypes -Wundef -Winit-self -Wpointer-arith -Wshadow -Wsign-promo -Wno-narrowing -Wno-delete-non-virtual-dtor -Wno-unnamed-type-template-args -Wno-array-bounds -fdiagnostics-show-option -Wno-long-long -Wno-semicolon-before-method-body -fno-omit-frame-pointer -msse -msse2 -msse3 -DCHECK_FUNCTION_EXISTS=mmap -O3 -DNDEBUG -isysroot /Applications/Xcode.app/Contents/Developer/Platforms/MacOSX.platform/Developer/SDKs/MacOSX10.11.sdk   -o CMakeFiles/cmTC_023fe.dir/CheckFunctionExists.c.o   -c /usr/local/Cellar/cmake/3.5.0/share/cmake/Modules/CheckFunctionExists.c
Linking C executable cmTC_023fe
/usr/local/Cellar/cmake/3.5.0/bin/cmake -E cmake_link_script CMakeFiles/cmTC_023fe.dir/link.txt --verbose=1
/Applications/Xcode.app/Contents/Developer/Toolchains/XcodeDefault.xctoolchain/usr/bin/cc   -fPIC   -fsigned-char -W -Werror=return-type -Werror=address -Werror=sequence-point -Wformat -Werror=format-security -Wmissing-declarations -Wmissing-prototypes -Wstrict-prototypes -Wundef -Winit-self -Wpointer-arith -Wshadow -Wsign-promo -Wno-narrowing -Wno-delete-non-virtual-dtor -Wno-unnamed-type-template-args -Wno-array-bounds -fdiagnostics-show-option -Wno-long-long -Wno-semicolon-before-method-body -fno-omit-frame-pointer -msse -msse2 -msse3 -DCHECK_FUNCTION_EXISTS=mmap -O3 -DNDEBUG -isysroot /Applications/Xcode.app/Contents/Developer/Platforms/MacOSX.platform/Developer/SDKs/MacOSX10.11.sdk -Wl,-search_paths_first -Wl,-headerpad_max_install_names   CMakeFiles/cmTC_023fe.dir/CheckFunctionExists.c.o  -o cmTC_023fe  


Determining if the include file search.h exists passed with the following output:
Change Dir: /Users/xungong/Documents/opencv-2.4.12-static/build/CMakeFiles/CMakeTmp

Run Build Command:"/usr/bin/make" "cmTC_bd78e/fast"
/Applications/Xcode.app/Contents/Developer/usr/bin/make -f CMakeFiles/cmTC_bd78e.dir/build.make CMakeFiles/cmTC_bd78e.dir/build
Building C object CMakeFiles/cmTC_bd78e.dir/CheckIncludeFile.c.o
/Applications/Xcode.app/Contents/Developer/Toolchains/XcodeDefault.xctoolchain/usr/bin/cc    -fPIC   -fsigned-char -W -Werror=return-type -Werror=address -Werror=sequence-point -Wformat -Werror=format-security -Wmissing-declarations -Wmissing-prototypes -Wstrict-prototypes -Wundef -Winit-self -Wpointer-arith -Wshadow -Wsign-promo -Wno-narrowing -Wno-delete-non-virtual-dtor -Wno-unnamed-type-template-args -Wno-array-bounds -fdiagnostics-show-option -Wno-long-long -Wno-semicolon-before-method-body -fno-omit-frame-pointer -msse -msse2 -msse3  -O3 -DNDEBUG -isysroot /Applications/Xcode.app/Contents/Developer/Platforms/MacOSX.platform/Developer/SDKs/MacOSX10.11.sdk   -o CMakeFiles/cmTC_bd78e.dir/CheckIncludeFile.c.o   -c /Users/xungong/Documents/opencv-2.4.12-static/build/CMakeFiles/CMakeTmp/CheckIncludeFile.c
Linking C executable cmTC_bd78e
/usr/local/Cellar/cmake/3.5.0/bin/cmake -E cmake_link_script CMakeFiles/cmTC_bd78e.dir/link.txt --verbose=1
/Applications/Xcode.app/Contents/Developer/Toolchains/XcodeDefault.xctoolchain/usr/bin/cc   -fPIC   -fsigned-char -W -Werror=return-type -Werror=address -Werror=sequence-point -Wformat -Werror=format-security -Wmissing-declarations -Wmissing-prototypes -Wstrict-prototypes -Wundef -Winit-self -Wpointer-arith -Wshadow -Wsign-promo -Wno-narrowing -Wno-delete-non-virtual-dtor -Wno-unnamed-type-template-args -Wno-array-bounds -fdiagnostics-show-option -Wno-long-long -Wno-semicolon-before-method-body -fno-omit-frame-pointer -msse -msse2 -msse3  -O3 -DNDEBUG -isysroot /Applications/Xcode.app/Contents/Developer/Platforms/MacOSX.platform/Developer/SDKs/MacOSX10.11.sdk -Wl,-search_paths_first -Wl,-headerpad_max_install_names   CMakeFiles/cmTC_bd78e.dir/CheckIncludeFile.c.o  -o cmTC_bd78e  


Determining if the include file string.h exists passed with the following output:
Change Dir: /Users/xungong/Documents/opencv-2.4.12-static/build/CMakeFiles/CMakeTmp

Run Build Command:"/usr/bin/make" "cmTC_6b346/fast"
/Applications/Xcode.app/Contents/Developer/usr/bin/make -f CMakeFiles/cmTC_6b346.dir/build.make CMakeFiles/cmTC_6b346.dir/build
Building C object CMakeFiles/cmTC_6b346.dir/CheckIncludeFile.c.o
/Applications/Xcode.app/Contents/Developer/Toolchains/XcodeDefault.xctoolchain/usr/bin/cc    -fPIC   -fsigned-char -W -Werror=return-type -Werror=address -Werror=sequence-point -Wformat -Werror=format-security -Wmissing-declarations -Wmissing-prototypes -Wstrict-prototypes -Wundef -Winit-self -Wpointer-arith -Wshadow -Wsign-promo -Wno-narrowing -Wno-delete-non-virtual-dtor -Wno-unnamed-type-template-args -Wno-array-bounds -fdiagnostics-show-option -Wno-long-long -Wno-semicolon-before-method-body -fno-omit-frame-pointer -msse -msse2 -msse3  -O3 -DNDEBUG -isysroot /Applications/Xcode.app/Contents/Developer/Platforms/MacOSX.platform/Developer/SDKs/MacOSX10.11.sdk   -o CMakeFiles/cmTC_6b346.dir/CheckIncludeFile.c.o   -c /Users/xungong/Documents/opencv-2.4.12-static/build/CMakeFiles/CMakeTmp/CheckIncludeFile.c
Linking C executable cmTC_6b346
/usr/local/Cellar/cmake/3.5.0/bin/cmake -E cmake_link_script CMakeFiles/cmTC_6b346.dir/link.txt --verbose=1
/Applications/Xcode.app/Contents/Developer/Toolchains/XcodeDefault.xctoolchain/usr/bin/cc   -fPIC   -fsigned-char -W -Werror=return-type -Werror=address -Werror=sequence-point -Wformat -Werror=format-security -Wmissing-declarations -Wmissing-prototypes -Wstrict-prototypes -Wundef -Winit-self -Wpointer-arith -Wshadow -Wsign-promo -Wno-narrowing -Wno-delete-non-virtual-dtor -Wno-unnamed-type-template-args -Wno-array-bounds -fdiagnostics-show-option -Wno-long-long -Wno-semicolon-before-method-body -fno-omit-frame-pointer -msse -msse2 -msse3  -O3 -DNDEBUG -isysroot /Applications/Xcode.app/Contents/Developer/Platforms/MacOSX.platform/Developer/SDKs/MacOSX10.11.sdk -Wl,-search_paths_first -Wl,-headerpad_max_install_names   CMakeFiles/cmTC_6b346.dir/CheckIncludeFile.c.o  -o cmTC_6b346  


Determining if the include file unistd.h exists passed with the following output:
Change Dir: /Users/xungong/Documents/opencv-2.4.12-static/build/CMakeFiles/CMakeTmp

Run Build Command:"/usr/bin/make" "cmTC_46482/fast"
/Applications/Xcode.app/Contents/Developer/usr/bin/make -f CMakeFiles/cmTC_46482.dir/build.make CMakeFiles/cmTC_46482.dir/build
Building C object CMakeFiles/cmTC_46482.dir/CheckIncludeFile.c.o
/Applications/Xcode.app/Contents/Developer/Toolchains/XcodeDefault.xctoolchain/usr/bin/cc    -fPIC   -fsigned-char -W -Werror=return-type -Werror=address -Werror=sequence-point -Wformat -Werror=format-security -Wmissing-declarations -Wmissing-prototypes -Wstrict-prototypes -Wundef -Winit-self -Wpointer-arith -Wshadow -Wsign-promo -Wno-narrowing -Wno-delete-non-virtual-dtor -Wno-unnamed-type-template-args -Wno-array-bounds -fdiagnostics-show-option -Wno-long-long -Wno-semicolon-before-method-body -fno-omit-frame-pointer -msse -msse2 -msse3  -O3 -DNDEBUG -isysroot /Applications/Xcode.app/Contents/Developer/Platforms/MacOSX.platform/Developer/SDKs/MacOSX10.11.sdk   -o CMakeFiles/cmTC_46482.dir/CheckIncludeFile.c.o   -c /Users/xungong/Documents/opencv-2.4.12-static/build/CMakeFiles/CMakeTmp/CheckIncludeFile.c
Linking C executable cmTC_46482
/usr/local/Cellar/cmake/3.5.0/bin/cmake -E cmake_link_script CMakeFiles/cmTC_46482.dir/link.txt --verbose=1
/Applications/Xcode.app/Contents/Developer/Toolchains/XcodeDefault.xctoolchain/usr/bin/cc   -fPIC   -fsigned-char -W -Werror=return-type -Werror=address -Werror=sequence-point -Wformat -Werror=format-security -Wmissing-declarations -Wmissing-prototypes -Wstrict-prototypes -Wundef -Winit-self -Wpointer-arith -Wshadow -Wsign-promo -Wno-narrowing -Wno-delete-non-virtual-dtor -Wno-unnamed-type-template-args -Wno-array-bounds -fdiagnostics-show-option -Wno-long-long -Wno-semicolon-before-method-body -fno-omit-frame-pointer -msse -msse2 -msse3  -O3 -DNDEBUG -isysroot /Applications/Xcode.app/Contents/Developer/Platforms/MacOSX.platform/Developer/SDKs/MacOSX10.11.sdk -Wl,-search_paths_first -Wl,-headerpad_max_install_names   CMakeFiles/cmTC_46482.dir/CheckIncludeFile.c.o  -o cmTC_46482  


Determining if the include file semaphore.h exists passed with the following output:
Change Dir: /Users/xungong/Documents/opencv-2.4.12-static/build/CMakeFiles/CMakeTmp

Run Build Command:"/usr/bin/make" "cmTC_47c6f/fast"
/Applications/Xcode.app/Contents/Developer/usr/bin/make -f CMakeFiles/cmTC_47c6f.dir/build.make CMakeFiles/cmTC_47c6f.dir/build
Building C object CMakeFiles/cmTC_47c6f.dir/CheckIncludeFile.c.o
/Applications/Xcode.app/Contents/Developer/Toolchains/XcodeDefault.xctoolchain/usr/bin/cc    -fPIC   -fsigned-char -W -Werror=return-type -Werror=address -Werror=sequence-point -Wformat -Werror=format-security -Wmissing-declarations -Wmissing-prototypes -Wstrict-prototypes -Wundef -Winit-self -Wpointer-arith -Wshadow -Wsign-promo -Wno-narrowing -Wno-delete-non-virtual-dtor -Wno-unnamed-type-template-args -Wno-array-bounds -fdiagnostics-show-option -Wno-long-long -Wno-semicolon-before-method-body -fno-omit-frame-pointer -msse -msse2 -msse3  -O3 -DNDEBUG -isysroot /Applications/Xcode.app/Contents/Developer/Platforms/MacOSX.platform/Developer/SDKs/MacOSX10.11.sdk   -o CMakeFiles/cmTC_47c6f.dir/CheckIncludeFile.c.o   -c /Users/xungong/Documents/opencv-2.4.12-static/build/CMakeFiles/CMakeTmp/CheckIncludeFile.c
Linking C executable cmTC_47c6f
/usr/local/Cellar/cmake/3.5.0/bin/cmake -E cmake_link_script CMakeFiles/cmTC_47c6f.dir/link.txt --verbose=1
/Applications/Xcode.app/Contents/Developer/Toolchains/XcodeDefault.xctoolchain/usr/bin/cc   -fPIC   -fsigned-char -W -Werror=return-type -Werror=address -Werror=sequence-point -Wformat -Werror=format-security -Wmissing-declarations -Wmissing-prototypes -Wstrict-prototypes -Wundef -Winit-self -Wpointer-arith -Wshadow -Wsign-promo -Wno-narrowing -Wno-delete-non-virtual-dtor -Wno-unnamed-type-template-args -Wno-array-bounds -fdiagnostics-show-option -Wno-long-long -Wno-semicolon-before-method-body -fno-omit-frame-pointer -msse -msse2 -msse3  -O3 -DNDEBUG -isysroot /Applications/Xcode.app/Contents/Developer/Platforms/MacOSX.platform/Developer/SDKs/MacOSX10.11.sdk -Wl,-search_paths_first -Wl,-headerpad_max_install_names   CMakeFiles/cmTC_47c6f.dir/CheckIncludeFile.c.o  -o cmTC_47c6f  


